2021-03-18 03:53:08,691 INFO Using seed 0.
2021-03-18 03:53:08,691 INFO Using double precision.
2021-03-18 03:53:09,811 INFO Generating triples.
2021-03-18 03:53:10,047 INFO Total of 1000000 triples
2021-03-18 03:53:12,405 INFO Start training
2021-03-18 03:53:41,422 INFO 	 Epoch 0 | average train loss: 1.116859
2021-03-18 03:53:42,282 INFO Dasgupta's cost:	2974869914.4081
2021-03-18 03:54:12,160 INFO 	 Epoch 1 | average train loss: 1.115574
2021-03-18 03:54:12,915 INFO Dasgupta's cost:	2981661698.2081
2021-03-18 03:54:42,848 INFO 	 Epoch 2 | average train loss: 1.112355
2021-03-18 03:54:43,579 INFO Dasgupta's cost:	2947818304.5360
2021-03-18 03:55:13,126 INFO 	 Epoch 3 | average train loss: 1.104402
2021-03-18 03:55:13,841 INFO Dasgupta's cost:	2871703441.4882
2021-03-18 03:55:44,144 INFO 	 Epoch 4 | average train loss: 1.087643
2021-03-18 03:55:44,848 INFO Dasgupta's cost:	2814390684.3246
2021-03-18 03:56:14,131 INFO 	 Epoch 5 | average train loss: 1.058486
2021-03-18 03:56:14,859 INFO Dasgupta's cost:	2759373971.9537
2021-03-18 03:56:44,609 INFO 	 Epoch 6 | average train loss: 1.015383
2021-03-18 03:56:45,382 INFO Dasgupta's cost:	2790824737.3735
2021-03-18 03:57:15,292 INFO 	 Epoch 7 | average train loss: 0.962362
2021-03-18 03:57:16,012 INFO Dasgupta's cost:	2833420610.6594
2021-03-18 03:57:46,257 INFO 	 Epoch 8 | average train loss: 0.908398
2021-03-18 03:57:46,991 INFO Dasgupta's cost:	2487813864.6320
2021-03-18 03:58:16,728 INFO 	 Epoch 9 | average train loss: 0.862267
2021-03-18 03:58:17,449 INFO Dasgupta's cost:	2247065756.5129
2021-03-18 03:58:17,449 INFO Annealing temperature to: 0.025
2021-03-18 03:58:17,449 INFO Annealing learning rate to: 5e-05
2021-03-18 03:58:46,668 INFO 	 Epoch 10 | average train loss: 0.824630
2021-03-18 03:58:47,406 INFO Dasgupta's cost:	2174427056.7402
2021-03-18 03:59:17,350 INFO 	 Epoch 11 | average train loss: 0.814433
2021-03-18 03:59:18,072 INFO Dasgupta's cost:	2170559601.2643
2021-03-18 03:59:47,677 INFO 	 Epoch 12 | average train loss: 0.806821
2021-03-18 03:59:48,385 INFO Dasgupta's cost:	2179799173.8448
2021-03-18 04:00:17,687 INFO 	 Epoch 13 | average train loss: 0.800134
2021-03-18 04:00:18,428 INFO Dasgupta's cost:	2173339083.9924
2021-03-18 04:00:47,936 INFO 	 Epoch 14 | average train loss: 0.794132
2021-03-18 04:00:48,646 INFO Dasgupta's cost:	2166827989.6498
2021-03-18 04:01:18,880 INFO 	 Epoch 15 | average train loss: 0.788886
2021-03-18 04:01:19,601 INFO Dasgupta's cost:	2165201518.3876
2021-03-18 04:01:49,384 INFO 	 Epoch 16 | average train loss: 0.784708
2021-03-18 04:01:50,090 INFO Dasgupta's cost:	2179640803.6100
2021-03-18 04:02:19,073 INFO 	 Epoch 17 | average train loss: 0.781199
2021-03-18 04:02:19,776 INFO Dasgupta's cost:	2187829242.0048
2021-03-18 04:02:49,056 INFO 	 Epoch 18 | average train loss: 0.777726
2021-03-18 04:02:49,787 INFO Dasgupta's cost:	2203831050.3918
2021-03-18 04:03:19,592 INFO 	 Epoch 19 | average train loss: 0.774970
2021-03-18 04:03:20,306 INFO Dasgupta's cost:	2224455301.4148
2021-03-18 04:03:20,306 INFO Annealing temperature to: 0.0125
2021-03-18 04:03:20,307 INFO Annealing learning rate to: 2.5e-05
2021-03-18 04:03:49,685 INFO 	 Epoch 20 | average train loss: 0.771318
2021-03-18 04:03:50,418 INFO Dasgupta's cost:	2222129838.8465
2021-03-18 04:04:20,214 INFO 	 Epoch 21 | average train loss: 0.770315
2021-03-18 04:04:20,929 INFO Dasgupta's cost:	2223455091.0292
2021-03-18 04:04:50,290 INFO 	 Epoch 22 | average train loss: 0.769375
2021-03-18 04:04:50,979 INFO Dasgupta's cost:	2219324744.1512
2021-03-18 04:05:20,867 INFO 	 Epoch 23 | average train loss: 0.768680
2021-03-18 04:05:21,618 INFO Dasgupta's cost:	2224314245.7908
2021-03-18 04:05:51,503 INFO 	 Epoch 24 | average train loss: 0.767711
2021-03-18 04:05:52,220 INFO Dasgupta's cost:	2222456831.8957
2021-03-18 04:06:21,973 INFO 	 Epoch 25 | average train loss: 0.766881
2021-03-18 04:06:22,716 INFO Dasgupta's cost:	2221721673.6756
2021-03-18 04:06:52,664 INFO 	 Epoch 26 | average train loss: 0.766341
2021-03-18 04:06:53,367 INFO Dasgupta's cost:	2226940613.8539
2021-03-18 04:07:23,333 INFO 	 Epoch 27 | average train loss: 0.765333
2021-03-18 04:07:24,033 INFO Dasgupta's cost:	2216114795.6806
2021-03-18 04:07:54,056 INFO 	 Epoch 28 | average train loss: 0.764830
2021-03-18 04:07:54,760 INFO Dasgupta's cost:	2217853388.4032
2021-03-18 04:08:25,164 INFO 	 Epoch 29 | average train loss: 0.764074
2021-03-18 04:08:25,885 INFO Dasgupta's cost:	2214901153.9804
2021-03-18 04:08:25,885 INFO Annealing temperature to: 0.00625
2021-03-18 04:08:25,885 INFO Annealing learning rate to: 1.25e-05
2021-03-18 04:08:55,885 INFO 	 Epoch 30 | average train loss: 0.762841
2021-03-18 04:08:56,633 INFO Dasgupta's cost:	2215974361.5616
2021-03-18 04:09:26,367 INFO 	 Epoch 31 | average train loss: 0.762382
2021-03-18 04:09:27,086 INFO Dasgupta's cost:	2214512253.8382
2021-03-18 04:09:57,517 INFO 	 Epoch 32 | average train loss: 0.762323
2021-03-18 04:09:58,247 INFO Dasgupta's cost:	2210736330.8850
2021-03-18 04:10:28,534 INFO 	 Epoch 33 | average train loss: 0.761995
2021-03-18 04:10:29,247 INFO Dasgupta's cost:	2213207493.6468
2021-03-18 04:10:59,097 INFO 	 Epoch 34 | average train loss: 0.761794
2021-03-18 04:10:59,821 INFO Dasgupta's cost:	2211800761.6237
2021-03-18 04:11:29,669 INFO 	 Epoch 35 | average train loss: 0.761287
2021-03-18 04:11:30,410 INFO Dasgupta's cost:	2208843248.3651
2021-03-18 04:12:00,813 INFO 	 Epoch 36 | average train loss: 0.761213
2021-03-18 04:12:01,530 INFO Dasgupta's cost:	2213412371.0887
2021-03-18 04:12:32,310 INFO 	 Epoch 37 | average train loss: 0.761047
2021-03-18 04:12:33,048 INFO Dasgupta's cost:	2199506395.8544
2021-03-18 04:13:02,142 INFO 	 Epoch 38 | average train loss: 0.760445
2021-03-18 04:13:02,847 INFO Dasgupta's cost:	2211903840.9148
2021-03-18 04:13:32,058 INFO 	 Epoch 39 | average train loss: 0.760258
2021-03-18 04:13:32,776 INFO Dasgupta's cost:	2213520022.1549
2021-03-18 04:13:32,776 INFO Annealing temperature to: 0.003125
2021-03-18 04:13:32,777 INFO Annealing learning rate to: 6.25e-06
2021-03-18 04:14:02,853 INFO 	 Epoch 40 | average train loss: 0.759627
2021-03-18 04:14:03,557 INFO Dasgupta's cost:	2211239971.5331
2021-03-18 04:14:33,044 INFO 	 Epoch 41 | average train loss: 0.759965
2021-03-18 04:14:33,754 INFO Dasgupta's cost:	2213965299.3347
2021-03-18 04:15:03,712 INFO 	 Epoch 42 | average train loss: 0.759763
2021-03-18 04:15:04,454 INFO Dasgupta's cost:	2214519438.9369
2021-03-18 04:15:34,064 INFO 	 Epoch 43 | average train loss: 0.759502
2021-03-18 04:15:34,763 INFO Dasgupta's cost:	2213937707.9852
2021-03-18 04:16:04,981 INFO 	 Epoch 44 | average train loss: 0.759554
2021-03-18 04:16:05,725 INFO Dasgupta's cost:	2207772247.3283
2021-03-18 04:16:35,852 INFO 	 Epoch 45 | average train loss: 0.759431
2021-03-18 04:16:36,549 INFO Dasgupta's cost:	2207186789.2475
2021-03-18 04:17:05,780 INFO 	 Epoch 46 | average train loss: 0.759386
2021-03-18 04:17:06,464 INFO Dasgupta's cost:	2209447106.5284
2021-03-18 04:17:36,367 INFO 	 Epoch 47 | average train loss: 0.759150
2021-03-18 04:17:37,089 INFO Dasgupta's cost:	2209307776.1859
2021-03-18 04:18:06,877 INFO 	 Epoch 48 | average train loss: 0.759104
2021-03-18 04:18:07,582 INFO Dasgupta's cost:	2208263871.2831
2021-03-18 04:18:38,411 INFO 	 Epoch 49 | average train loss: 0.759295
2021-03-18 04:18:39,150 INFO Dasgupta's cost:	2210086141.3925
2021-03-18 04:18:39,150 INFO Annealing temperature to: 0.0015625
2021-03-18 04:18:39,150 INFO Annealing learning rate to: 3.125e-06
2021-03-18 04:19:08,928 INFO 	 Epoch 50 | average train loss: 0.758845
2021-03-18 04:19:09,624 INFO Dasgupta's cost:	2207224802.1775
2021-03-18 04:19:40,047 INFO 	 Epoch 51 | average train loss: 0.759236
2021-03-18 04:19:40,732 INFO Dasgupta's cost:	2208317188.6136
2021-03-18 04:20:10,516 INFO 	 Epoch 52 | average train loss: 0.758801
2021-03-18 04:20:11,220 INFO Dasgupta's cost:	2213433351.5903
2021-03-18 04:20:41,158 INFO 	 Epoch 53 | average train loss: 0.758832
2021-03-18 04:20:41,865 INFO Dasgupta's cost:	2208260334.6967
2021-03-18 04:21:11,865 INFO 	 Epoch 54 | average train loss: 0.758641
2021-03-18 04:21:12,599 INFO Dasgupta's cost:	2207448135.3854
2021-03-18 04:21:42,059 INFO 	 Epoch 55 | average train loss: 0.758967
2021-03-18 04:21:42,766 INFO Dasgupta's cost:	2207272976.4825
2021-03-18 04:21:42,766 INFO Early stopping.
2021-03-18 04:21:42,766 INFO Optimization finished.
2021-03-18 04:21:42,766 INFO Saving best model at /content/HypHC/embeddings/custom/638eebb489221b1f728eb985d066bb5c17829ee6521500871e20f33533518970/model_0.pkl
2021-03-18 04:21:42,772 INFO Decoding embeddings.
2021-03-18 04:21:43,411 INFO Dasgupta's cost:	2165201518.3876
